2025-09-26 00:19:51 [WATCHDOG]: DEBUG: Protecting service='timer' path='/Library/LaunchDaemons/com.productivity.timer.plist'
2025-09-26 00:19:51 [WATCHDOG]: DEBUG: Protecting service='timer' path='/Library/LaunchDaemons/com.productivity.timer.plist'
2025-09-26 00:19:51 [WATCHDOG]: DEBUG: Protecting service='browser' path='/Library/LaunchDaemons/com.productivity.browser.plist'
2025-09-26 00:19:51 [WATCHDOG]: DEBUG: Protecting service='browser' path='/Library/LaunchDaemons/com.productivity.browser.plist'
2025-09-26 00:19:51 [WATCHDOG]: DEBUG: Protecting service='configurator' path='/Library/LaunchDaemons/com.productivity.configurator-blocker.plist'
2025-09-26 00:19:51 [WATCHDOG]: DEBUG: Protecting service='configurator' path='/Library/LaunchDaemons/com.productivity.configurator-blocker.plist'
2025-09-26 00:19:51 [WATCHDOG]: DEBUG: Protecting service='time' path='/Library/LaunchDaemons/com.productivity.time-protection.plist'
2025-09-26 00:19:51 [WATCHDOG]: DEBUG: Protecting service='time' path='/Library/LaunchDaemons/com.productivity.time-protection.plist'
2025-09-26 00:19:51 [WATCHDOG]: DEBUG: Protecting service='profile' path='/Library/LaunchDaemons/com.productivity.profile-protection.plist'
2025-09-26 00:19:51 [WATCHDOG]: DEBUG: Protecting service='profile' path='/Library/LaunchDaemons/com.productivity.profile-protection.plist'
2025-09-26 00:20:06 [WATCHDOG]: DEBUG: Protecting service='lock' path='/Library/LaunchDaemons/com.productivity.lock.plist'
2025-09-26 00:20:06 [WATCHDOG]: DEBUG: Protecting service='lock' path='/Library/LaunchDaemons/com.productivity.lock.plist'
2025-09-26 00:20:06 [WATCHDOG]: DEBUG: Protecting service='timer' path='/Library/LaunchDaemons/com.productivity.timer.plist'
2025-09-26 00:20:06 [WATCHDOG]: DEBUG: Protecting service='timer' path='/Library/LaunchDaemons/com.productivity.timer.plist'
2025-09-26 00:20:06 [WATCHDOG]: DEBUG: Protecting service='browser' path='/Library/LaunchDaemons/com.productivity.browser.plist'
2025-09-26 00:20:06 [WATCHDOG]: DEBUG: Protecting service='browser' path='/Library/LaunchDaemons/com.productivity.browser.plist'
2025-09-26 00:20:06 [WATCHDOG]: DEBUG: Protecting service='configurator' path='/Library/LaunchDaemons/com.productivity.configurator-blocker.plist'
2025-09-26 00:20:06 [WATCHDOG]: DEBUG: Protecting service='configurator' path='/Library/LaunchDaemons/com.productivity.configurator-blocker.plist'
2025-09-26 00:20:06 [WATCHDOG]: DEBUG: Protecting service='time' path='/Library/LaunchDaemons/com.productivity.time-protection.plist'
2025-09-26 00:20:06 [WATCHDOG]: DEBUG: Protecting service='time' path='/Library/LaunchDaemons/com.productivity.time-protection.plist'
2025-09-26 00:20:06 [WATCHDOG]: DEBUG: Protecting service='profile' path='/Library/LaunchDaemons/com.productivity.profile-protection.plist'
2025-09-26 00:20:06 [WATCHDOG]: DEBUG: Protecting service='profile' path='/Library/LaunchDaemons/com.productivity.profile-protection.plist'
2025-09-26 00:20:21 [WATCHDOG]: DEBUG: Protecting service='lock' path='/Library/LaunchDaemons/com.productivity.lock.plist'
2025-09-26 00:20:21 [WATCHDOG]: DEBUG: Protecting service='lock' path='/Library/LaunchDaemons/com.productivity.lock.plist'
2025-09-26 00:20:21 [WATCHDOG]: DEBUG: Protecting service='timer' path='/Library/LaunchDaemons/com.productivity.timer.plist'
2025-09-26 00:20:21 [WATCHDOG]: DEBUG: Protecting service='timer' path='/Library/LaunchDaemons/com.productivity.timer.plist'
2025-09-26 00:20:21 [WATCHDOG]: DEBUG: Protecting service='browser' path='/Library/LaunchDaemons/com.productivity.browser.plist'
2025-09-26 00:20:21 [WATCHDOG]: DEBUG: Protecting service='browser' path='/Library/LaunchDaemons/com.productivity.browser.plist'
2025-09-26 00:20:21 [WATCHDOG]: DEBUG: Protecting service='configurator' path='/Library/LaunchDaemons/com.productivity.configurator-blocker.plist'
2025-09-26 00:20:21 [WATCHDOG]: DEBUG: Protecting service='configurator' path='/Library/LaunchDaemons/com.productivity.configurator-blocker.plist'
2025-09-26 00:20:21 [WATCHDOG]: DEBUG: Protecting service='time' path='/Library/LaunchDaemons/com.productivity.time-protection.plist'
2025-09-26 00:20:21 [WATCHDOG]: DEBUG: Protecting service='time' path='/Library/LaunchDaemons/com.productivity.time-protection.plist'
2025-09-26 00:20:21 [WATCHDOG]: DEBUG: Protecting service='profile' path='/Library/LaunchDaemons/com.productivity.profile-protection.plist'
2025-09-26 00:20:21 [WATCHDOG]: DEBUG: Protecting service='profile' path='/Library/LaunchDaemons/com.productivity.profile-protection.plist'
2025-09-26 00:20:36 [WATCHDOG]: DEBUG: Protecting service='lock' path='/Library/LaunchDaemons/com.productivity.lock.plist'
2025-09-26 00:20:36 [WATCHDOG]: DEBUG: Protecting service='lock' path='/Library/LaunchDaemons/com.productivity.lock.plist'
2025-09-26 00:20:36 [WATCHDOG]: DEBUG: Protecting service='timer' path='/Library/LaunchDaemons/com.productivity.timer.plist'
2025-09-26 00:20:36 [WATCHDOG]: DEBUG: Protecting service='timer' path='/Library/LaunchDaemons/com.productivity.timer.plist'
2025-09-26 00:20:36 [WATCHDOG]: DEBUG: Protecting service='browser' path='/Library/LaunchDaemons/com.productivity.browser.plist'
2025-09-26 00:20:36 [WATCHDOG]: DEBUG: Protecting service='browser' path='/Library/LaunchDaemons/com.productivity.browser.plist'
2025-09-26 00:20:36 [WATCHDOG]: DEBUG: Protecting service='configurator' path='/Library/LaunchDaemons/com.productivity.configurator-blocker.plist'
2025-09-26 00:20:36 [WATCHDOG]: DEBUG: Protecting service='configurator' path='/Library/LaunchDaemons/com.productivity.configurator-blocker.plist'
2025-09-26 00:20:36 [WATCHDOG]: DEBUG: Protecting service='time' path='/Library/LaunchDaemons/com.productivity.time-protection.plist'
2025-09-26 00:20:36 [WATCHDOG]: DEBUG: Protecting service='time' path='/Library/LaunchDaemons/com.productivity.time-protection.plist'
2025-09-26 00:20:36 [WATCHDOG]: DEBUG: Protecting service='profile' path='/Library/LaunchDaemons/com.productivity.profile-protection.plist'
2025-09-26 00:20:36 [WATCHDOG]: DEBUG: Protecting service='profile' path='/Library/LaunchDaemons/com.productivity.profile-protection.plist'
2025-09-26 00:20:52 [WATCHDOG]: 🛑 Master watchdog shutting down
2025-09-26 00:20:52 [WATCHDOG]: 🛑 Master watchdog shutting down
2025-09-26 00:20:52 [WATCHDOG]: 🚀 MASTER PRODUCTIVITY WATCHDOG STARTED (PID: 15384)
2025-09-26 00:20:52 [WATCHDOG]: 🛡️ Protecting 6 core productivity services with manager override capability
